<?xml version="1.0" encoding="UTF-8"?>
<!-- Generated by org.testng.reporters.JUnitReportReporter -->
<testsuite hostname="LAPTOP32" name="KovTestPackage.KovSampleTestNGTestCase" tests="1" failures="0" timestamp="6 Sep 2018 12:03:24 GMT" time="21.907" errors="0">
  <testcase name="TestCase1" time="21.907" classname="KovTestPackage.KovSampleTestNGTestCase"/>
</testsuite>
