<?xml version="1.0" encoding="UTF-8"?>
<!-- Generated by org.testng.reporters.JUnitReportReporter -->
<testsuite hostname="LAPTOP32" name="KovTestPackage.LoginTesting" tests="2" failures="0" timestamp="6 Sep 2018 12:47:34 GMT" time="2.002" errors="0">
  <testcase name="logincheck" time="0.558" classname="KovTestPackage.LoginTesting"/>
  <testcase name="blankpasswordcheck" time="1.444" classname="KovTestPackage.LoginTesting"/>
</testsuite>
